<?xml version="1.0" encoding="UTF-8"?>
<!-- Generated by org.testng.reporters.JUnitXMLReporter -->
<testsuite hostname="CRacostaad01" ignored="0" tests="5" failures="3" timestamp="07 Nov 2020 03:57:05 GMT" time="3.363" errors="0">
  <testcase name="checkStatus" time="2.339" classname="statusCheckTest"/>
  <testcase name="getRandomName" time="0.584" classname="UserTests"/>
  <testcase name="getRandomNameNoAuth" time="0.001" classname="UserTests">
    <failure type="java.lang.NullPointerException">
      <![CDATA[java.lang.NullPointerException
at UserTests.getRandomNameNoAuth(UserTests.java:26)
... Removed 30 stack frames]]>
    </failure>
  </testcase> <!-- getRandomNameNoAuth -->
  <testcase name="getSameName" time="0.0" classname="UserTests">
    <failure type="java.lang.NullPointerException">
      <![CDATA[java.lang.NullPointerException
at UserTests.getSameName(UserTests.java:50)
... Removed 30 stack frames]]>
    </failure>
  </testcase> <!-- getSameName -->
  <testcase name="putName" time="0.0" classname="UserTests">
    <failure type="java.lang.NullPointerException">
      <![CDATA[java.lang.NullPointerException
at UserTests.putName(UserTests.java:17)
... Removed 30 stack frames]]>
    </failure>
  </testcase> <!-- putName -->
</testsuite>
