<?xml version="1.0" encoding="UTF-8"?>
<testsuite xmlns:xsi="http://www.w3.org/2001/XMLSchema-instance" xsi:noNamespaceSchemaLocation="https://maven.apache.org/surefire/maven-surefire-plugin/xsd/surefire-test-report.xsd" name="TestSuite" time="3.891" tests="5" errors="0" skipped="0" failures="3">
  <properties>
[...]
</properties>
  <testcase name="checkStatus" classname="statusCheckTest" time="2.34"/>
  <testcase name="getRandomName" classname="UserTests" time="0.584"/>
  <testcase name="getRandomNameNoAuth" classname="UserTests" time="0.006">
    <failure type="java.lang.NullPointerException">java.lang.NullPointerException
	at UserTests.getRandomNameNoAuth(UserTests.java:26)
</failure>
  </testcase>
  <testcase name="getSameName" classname="UserTests" time="0">
    <failure type="java.lang.NullPointerException">java.lang.NullPointerException
	at UserTests.getSameName(UserTests.java:50)
</failure>
  </testcase>
  <testcase name="putName" classname="UserTests" time="0">
    <failure type="java.lang.NullPointerException">java.lang.NullPointerException
	at UserTests.putName(UserTests.java:17)
</failure>
  </testcase>
</testsuite>